<?xml version="1.0" encoding="UTF-8"?>
<!-- Generated by org.testng.reporters.JUnitReportReporter -->
<testsuite hostname="Smartdevs-Mac-mini.local" name="runner.Runner" tests="1" failures="0" timestamp="23 May 2018 05:06:53 GMT" time="25.144" errors="0">
  <testcase name="feature" time="25.144" classname="runner.Runner"/>
</testsuite> <!-- runner.Runner -->
