<?xml version="1.0" encoding="UTF-8"?>
<!-- Generated by org.testng.reporters.JUnitReportReporter -->
<testsuite skipped="0" hostname="Hieus-Mac-mini.lan" name="runner.Runner" tests="1" failures="0" timestamp="02 Nov 2018 08:50:27 GMT" time="23.968" errors="0">
  <testcase name="feature" time="23.968" classname="runner.Runner"/>
</testsuite> <!-- runner.Runner -->
