<?xml version="1.0" encoding="UTF-8"?>
<!-- Generated by org.testng.reporters.JUnitReportReporter -->
<testsuite hostname="Smartdevs-Mac-mini.local" name="test.realDeviceIOS" tests="1" failures="0" timestamp="11 May 2018 09:28:42 GMT" time="17.333" errors="0">
  <testcase name="runMain" time="17.333" classname="test.realDeviceIOS"/>
</testsuite> <!-- test.realDeviceIOS -->
