<?xml version="1.0" encoding="UTF-8"?>
<!-- Generated by org.testng.reporters.JUnitReportReporter -->
<testsuite hostname="MAYTINH-MF89NVV" name="runner.Runner" tests="1" failures="0" timestamp="1 Apr 2018 16:18:25 GMT" time="21.037" errors="0">
  <testcase name="run_cukes" time="21.037" classname="runner.Runner"/>
</testsuite> <!-- runner.Runner -->
