<?xml version="1.0" encoding="UTF-8"?>
<!-- Generated by org.testng.reporters.JUnitReportReporter -->
<testsuite hostname="Smartdevs-Mac-mini.local" name="runner.Runner" tests="1" failures="0" timestamp="21 Jul 2018 10:32:22 GMT" time="57.010" errors="0">
  <testcase name="feature" time="57.010" classname="runner.Runner"/>
</testsuite> <!-- runner.Runner -->
