<?xml version="1.0" encoding="UTF-8"?>
<!-- Generated by org.testng.reporters.JUnitReportReporter -->
<testsuite hostname="MAYTINH-MF89NVV" name="runner.Runner" tests="2" failures="0" timestamp="29 Apr 2018 10:06:49 GMT" time="114.661" errors="0">
  <testcase name="feature" time="42.286" classname="runner.Runner"/>
  <testcase name="feature" time="72.375" classname="runner.Runner"/>
</testsuite> <!-- runner.Runner -->
