<?xml version="1.0" encoding="UTF-8"?>
<!-- Generated by org.testng.reporters.JUnitReportReporter -->
<testsuite hostname="Smartdevs-Mac-mini.local" name="runner.Runner" tests="1" failures="0" timestamp="15 May 2018 11:16:51 GMT" time="128.514" errors="0">
  <testcase name="feature" time="128.514" classname="runner.Runner"/>
</testsuite> <!-- runner.Runner -->
