<?xml version="1.0" encoding="UTF-8"?>
<!-- Generated by org.testng.reporters.JUnitReportReporter -->
<testsuite hostname="MAYTINH-MF89NVV" name="runner.Runner" tests="1" failures="0" timestamp="30 Apr 2018 13:41:26 GMT" time="18.569" errors="0">
  <testcase name="feature" time="18.569" classname="runner.Runner"/>
</testsuite> <!-- runner.Runner -->
