<?xml version="1.0" encoding="UTF-8"?>
<!-- Generated by org.testng.reporters.JUnitReportReporter -->
<testsuite hostname="Smartdevs-Mac-mini.local" name="runner.Runner" tests="1" failures="0" timestamp="24 Apr 2018 08:33:45 GMT" time="12.003" errors="0">
  <testcase name="feature" time="12.003" classname="runner.Runner"/>
</testsuite> <!-- runner.Runner -->
