<?xml version="1.0" encoding="UTF-8"?>
<!-- Generated by org.testng.reporters.JUnitReportReporter -->
<testsuite hostname="MAYTINH-MF89NVV" name="runner.Runner" tests="1" failures="0" timestamp="23 Apr 2018 12:50:47 GMT" time="30.852" errors="0">
  <testcase name="feature" time="30.852" classname="runner.Runner"/>
</testsuite> <!-- runner.Runner -->
