<?xml version="1.0" encoding="UTF-8"?>
<!-- Generated by org.testng.reporters.JUnitReportReporter -->
<testsuite hostname="Smartdevs-Mac-mini.local" name="runner.Runner" tests="2" failures="0" timestamp="15 May 2018 07:56:14 GMT" time="102.675" errors="0">
  <testcase name="feature" time="49.610" classname="runner.Runner"/>
  <testcase name="feature" time="53.065" classname="runner.Runner"/>
</testsuite> <!-- runner.Runner -->
