<?xml version="1.0" encoding="UTF-8"?>
<!-- Generated by org.testng.reporters.JUnitReportReporter -->
<testsuite hostname="Smartdevs-Mac-mini.local" name="runner.Runner" tests="1" failures="0" timestamp="31 Jul 2018 07:08:31 GMT" time="312.052" errors="0">
  <testcase name="feature" time="312.052" classname="runner.Runner"/>
</testsuite> <!-- runner.Runner -->
