<?xml version="1.0" encoding="UTF-8"?>
<!-- Generated by org.testng.reporters.JUnitReportReporter -->
<testsuite hostname="Smartdevs-Mac-mini.local" name="test.ParallelTest" tests="2" failures="0" timestamp="1 Jun 2018 00:56:29 GMT" time="112.661" errors="0">
  <testcase name="test" time="64.288" classname="test.ParallelTest"/>
  <testcase name="test" time="48.373" classname="test.ParallelTest"/>
</testsuite> <!-- test.ParallelTest -->
