<?xml version="1.0" encoding="UTF-8"?>
<!-- Generated by org.testng.reporters.JUnitReportReporter -->
<testsuite hostname="Smartdevs-Mac-mini.local" name="runner.Runner" tests="1" failures="0" timestamp="18 May 2018 04:59:30 GMT" time="18.820" errors="0">
  <testcase name="feature" time="18.820" classname="runner.Runner"/>
</testsuite> <!-- runner.Runner -->
