<?xml version="1.0" encoding="UTF-8"?>
<!-- Generated by org.testng.reporters.JUnitReportReporter -->
<testsuite hostname="MAYTINH-MF89NVV" name="runner.Runner" tests="1" failures="0" timestamp="23 May 2018 15:09:04 GMT" time="31.075" errors="0">
  <testcase name="feature" time="31.075" classname="runner.Runner"/>
</testsuite> <!-- runner.Runner -->
