<?xml version="1.0" encoding="UTF-8"?>
<!-- Generated by org.testng.reporters.JUnitReportReporter -->
<testsuite hostname="gai-goi.local" name="runner.Runner" tests="1" failures="0" timestamp="7 Sep 2018 08:59:50 GMT" time="186.033" errors="0">
  <testcase name="feature" time="186.033" classname="runner.Runner"/>
</testsuite> <!-- runner.Runner -->
