<?xml version="1.0" encoding="UTF-8"?>
<!-- Generated by org.testng.reporters.JUnitReportReporter -->
<testsuite hostname="MAYTINH-MF89NVV" name="runner.Runner" tests="1" failures="0" timestamp="1 Apr 2018 14:57:25 GMT" time="34.837" errors="0">
  <testcase name="run_cukes" time="34.837" classname="runner.Runner"/>
</testsuite> <!-- runner.Runner -->
