<?xml version="1.0" encoding="UTF-8"?>
<!-- Generated by org.testng.reporters.JUnitReportReporter -->
<testsuite hostname="Smartdevs-Mac-mini.local" name="runner.Runner" tests="1" failures="0" timestamp="25 Jul 2018 10:41:10 GMT" time="16.577" errors="0">
  <testcase name="feature" time="16.577" classname="runner.Runner"/>
</testsuite> <!-- runner.Runner -->
