<?xml version="1.0" encoding="UTF-8"?>
<!-- Generated by org.testng.reporters.JUnitReportReporter -->
<testsuite hostname="gai-goi.local" name="runner.Runner" tests="1" failures="0" timestamp="7 Sep 2018 08:02:05 GMT" time="15.826" errors="0">
  <testcase name="feature" time="15.826" classname="runner.Runner"/>
</testsuite> <!-- runner.Runner -->
