<?xml version="1.0" encoding="UTF-8"?>
<!-- Generated by org.testng.reporters.JUnitReportReporter -->
<testsuite skipped="0" hostname="Hieus-Mac-mini.lan" name="runner.Runner" tests="1" failures="0" timestamp="19 Dec 2018 09:18:21 GMT" time="17.084" errors="0">
  <testcase name="feature" time="17.084" classname="runner.Runner"/>
</testsuite> <!-- runner.Runner -->
