<?xml version="1.0" encoding="UTF-8"?>
<!-- Generated by org.testng.reporters.JUnitReportReporter -->
<testsuite hostname="Smartdevs-Mac-mini.local" name="runner.Runner" tests="1" failures="0" timestamp="23 May 2018 10:06:34 GMT" time="108.661" errors="0">
  <testcase name="feature" time="108.661" classname="runner.Runner"/>
</testsuite> <!-- runner.Runner -->
