<?xml version="1.0" encoding="UTF-8"?>
<!-- Generated by org.testng.reporters.JUnitReportReporter -->
<testsuite skipped="0" hostname="Hieus-Mac-mini.lan" name="runner.Runner" tests="1" failures="0" timestamp="03 Dec 2018 05:02:19 GMT" time="19.641" errors="0">
  <testcase name="feature" time="19.641" classname="runner.Runner"/>
</testsuite> <!-- runner.Runner -->
