<?xml version="1.0" encoding="UTF-8"?>
<!-- Generated by org.testng.reporters.JUnitReportReporter -->
<testsuite hostname="MAYTINH-MF89NVV" name="runner.Runner" tests="1" failures="0" timestamp="29 Apr 2018 09:01:12 GMT" time="43.130" errors="0">
  <testcase name="feature" time="43.130" classname="runner.Runner"/>
</testsuite> <!-- runner.Runner -->
