<?xml version="1.0" encoding="UTF-8"?>
<!-- Generated by org.testng.reporters.JUnitReportReporter -->
<testsuite hostname="Smartdevs-Mac-mini.local" name="runner.Runner" tests="1" failures="0" timestamp="30 Jul 2018 08:33:12 GMT" time="937.318" errors="0">
  <testcase name="feature" time="937.318" classname="runner.Runner"/>
</testsuite> <!-- runner.Runner -->
