<?xml version="1.0" encoding="UTF-8"?>
<!-- Generated by org.testng.reporters.JUnitReportReporter -->
<testsuite hostname="MAYTINH-MF89NVV" name="runner.Runner" tests="1" failures="0" timestamp="28 Apr 2018 10:01:35 GMT" time="38.520" errors="0">
  <testcase name="feature" time="38.520" classname="runner.Runner"/>
</testsuite> <!-- runner.Runner -->
