<?xml version="1.0" encoding="UTF-8"?>
<!-- Generated by org.testng.reporters.JUnitReportReporter -->
<testsuite hostname="Smartdevs-Mac-mini.local" name="test.configIOS" tests="1" failures="0" timestamp="6 May 2018 05:11:52 GMT" time="15.579" errors="0">
  <testcase name="runMain" time="15.579" classname="test.configIOS"/>
</testsuite> <!-- test.configIOS -->
