<?xml version="1.0" encoding="UTF-8"?>
<!-- Generated by org.testng.reporters.JUnitReportReporter -->
<testsuite hostname="Smartdevs-Mac-mini.local" name="test.configIOS" tests="1" failures="0" timestamp="10 May 2018 08:49:52 GMT" time="15.786" errors="0">
  <testcase name="runMain" time="15.786" classname="test.configIOS"/>
</testsuite> <!-- test.configIOS -->
