<?xml version="1.0" encoding="UTF-8"?>
<!-- Generated by org.testng.reporters.JUnitReportReporter -->
<testsuite hostname="MAYTINH-MF89NVV" name="runner.Runner" tests="1" failures="0" timestamp="23 May 2018 14:21:05 GMT" time="23.898" errors="0">
  <testcase name="feature" time="23.898" classname="runner.Runner"/>
</testsuite> <!-- runner.Runner -->
