<?xml version="1.0" encoding="UTF-8"?>
<!-- Generated by org.testng.reporters.JUnitReportReporter -->
<testsuite hostname="Smartdevs-Mac-mini.local" name="runner.Runner" tests="1" failures="0" timestamp="3 Aug 2018 04:20:33 GMT" time="111.363" errors="0">
  <testcase name="feature" time="111.363" classname="runner.Runner"/>
</testsuite> <!-- runner.Runner -->
