<?xml version="1.0" encoding="UTF-8"?>
<!-- Generated by org.testng.reporters.JUnitReportReporter -->
<testsuite hostname="Smartdevs-Mac-mini.local" name="runner.Runner" tests="3" failures="0" timestamp="7 May 2018 09:36:37 GMT" time="75.313" errors="0">
  <testcase name="feature" time="33.797" classname="runner.Runner"/>
  <testcase name="feature" time="24.858" classname="runner.Runner"/>
  <testcase name="feature" time="16.658" classname="runner.Runner"/>
</testsuite> <!-- runner.Runner -->
