<?xml version="1.0" encoding="UTF-8"?>
<!-- Generated by org.testng.reporters.JUnitReportReporter -->
<testsuite hostname="Smartdevs-Mac-mini.local" name="runner.Runner" tests="1" failures="0" timestamp="11 May 2018 11:41:31 GMT" time="39.065" errors="0">
  <testcase name="feature" time="39.065" classname="runner.Runner"/>
</testsuite> <!-- runner.Runner -->
