<?xml version="1.0" encoding="UTF-8"?>
<!-- Generated by org.testng.reporters.JUnitReportReporter -->
<testsuite hostname="Smartdevs-Mac-mini.local" name="test.configIOS" tests="1" failures="0" timestamp="11 May 2018 11:02:34 GMT" time="29.431" errors="0">
  <testcase name="runMain" time="29.431" classname="test.configIOS"/>
</testsuite> <!-- test.configIOS -->
