<?xml version="1.0" encoding="UTF-8"?>
<!-- Generated by org.testng.reporters.JUnitReportReporter -->
<testsuite hostname="Smartdevs-Mac-mini.local" name="runner.Runner" tests="1" failures="0" timestamp="16 Jul 2018 10:54:14 GMT" time="0.026" errors="0">
  <testcase name="feature" time="0.026" classname="runner.Runner"/>
</testsuite> <!-- runner.Runner -->
