<?xml version="1.0" encoding="UTF-8"?>
<!-- Generated by org.testng.reporters.JUnitReportReporter -->
<testsuite hostname="Smartdevs-Mac-mini.local" name="runner.Runner" tests="1" failures="0" timestamp="27 Apr 2018 02:42:17 GMT" time="15.136" errors="0">
  <testcase name="feature" time="15.136" classname="runner.Runner"/>
</testsuite> <!-- runner.Runner -->
