<?xml version="1.0" encoding="UTF-8"?>
<!-- Generated by org.testng.reporters.JUnitReportReporter -->
<testsuite hostname="Smartdevs-Mac-mini.local" name="runner.Runner" tests="3" failures="0" timestamp="15 May 2018 11:21:57 GMT" time="209.326" errors="0">
  <testcase name="feature" time="164.802" classname="runner.Runner"/>
  <testcase name="feature" time="20.638" classname="runner.Runner"/>
  <testcase name="feature" time="23.886" classname="runner.Runner"/>
</testsuite> <!-- runner.Runner -->
