<?xml version="1.0" encoding="UTF-8"?>
<!-- Generated by org.testng.reporters.JUnitReportReporter -->
<testsuite hostname="gai-goi.local" name="test.Newxcode_xs_xr_xmax" tests="1" failures="0" timestamp="19 Sep 2018 10:35:52 GMT" time="37.963" errors="0">
  <testcase name="runMain123" time="37.963" classname="test.Newxcode_xs_xr_xmax"/>
</testsuite> <!-- test.Newxcode_xs_xr_xmax -->
