<?xml version="1.0" encoding="UTF-8"?>
<!-- Generated by org.testng.reporters.JUnitReportReporter -->
<testsuite hostname="Smartdevs-Mac-mini.local" name="runner.Runner" tests="1" failures="0" timestamp="25 May 2018 03:01:56 GMT" time="30.337" errors="0">
  <testcase name="feature" time="30.337" classname="runner.Runner"/>
</testsuite> <!-- runner.Runner -->
