<?xml version="1.0" encoding="UTF-8"?>
<!-- Generated by org.testng.reporters.JUnitReportReporter -->
<testsuite hostname="Smartdevs-Mac-mini.local" name="runner.Runner" tests="1" failures="0" timestamp="26 Apr 2018 12:14:53 GMT" time="13.676" errors="0">
  <testcase name="feature" time="13.676" classname="runner.Runner"/>
</testsuite> <!-- runner.Runner -->
