<?xml version="1.0" encoding="UTF-8"?>
<!-- Generated by org.testng.reporters.JUnitReportReporter -->
<testsuite hostname="Smartdevs-Mac-mini.local" name="test.ParallelTest" tests="2" failures="0" timestamp="16 Jul 2018 07:13:39 GMT" time="123.191" errors="0">
  <testcase name="test" time="47.597" classname="test.ParallelTest"/>
  <testcase name="test" time="75.594" classname="test.ParallelTest"/>
</testsuite> <!-- test.ParallelTest -->
