<?xml version="1.0" encoding="UTF-8"?>
<!-- Generated by org.testng.reporters.JUnitReportReporter -->
<testsuite hostname="Smartdevs-Mac-mini.local" name="runner.Runner" tests="1" failures="0" timestamp="24 Apr 2018 07:09:10 GMT" time="79.535" errors="0">
  <testcase name="feature" time="79.535" classname="runner.Runner"/>
</testsuite> <!-- runner.Runner -->
