<?xml version="1.0" encoding="UTF-8"?>
<!-- Generated by org.testng.reporters.JUnitReportReporter -->
<testsuite hostname="Smartdevs-Mac-mini.local" name="runner.Runner" tests="2" failures="0" timestamp="3 May 2018 07:11:46 GMT" time="43.030" errors="0">
  <testcase name="feature" time="19.272" classname="runner.Runner"/>
  <testcase name="feature" time="23.758" classname="runner.Runner"/>
</testsuite> <!-- runner.Runner -->
