<?xml version="1.0" encoding="UTF-8"?>
<!-- Generated by org.testng.reporters.JUnitReportReporter -->
<testsuite hostname="Smartdevs-Mac-mini.local" name="test.ParallelTest" tests="2" failures="0" timestamp="29 May 2018 01:20:55 GMT" time="120.277" errors="0">
  <testcase name="test" time="60.291" classname="test.ParallelTest"/>
  <testcase name="test" time="59.986" classname="test.ParallelTest"/>
</testsuite> <!-- test.ParallelTest -->
